This file contains any messages produced by compilers while
running configure, to aid debugging if configure makes a mistake.

It was created by VisualOberon configure 0.0, which was
generated by GNU Autoconf 2.59.  Invocation command line was

  $ ./configure --prefix=/opt/VO

## --------- ##
## Platform. ##
## --------- ##

hostname = hactar
uname -m = x86_64
uname -r = 2.6.35-zen2
uname -s = Linux
uname -v = #5 ZEN SMP PREEMPT Mon Dec 6 02:18:47 AMT 2010

/usr/bin/uname -p = Intel(R) Core(TM)2 Duo CPU T7300 @ 2.00GHz
/bin/uname -X     = unknown

/bin/arch              = unknown
/usr/bin/arch -k       = unknown
/usr/convex/getsysinfo = unknown
hostinfo               = unknown
/bin/machine           = unknown
/usr/bin/oslevel       = unknown
/bin/universe          = unknown

PATH: /opt/binutils-arm-eabi/bin
PATH: /usr/local/oo2c/bin
PATH: /home/noch/fpc/bin
PATH: /home/noch/fpc-2.4.2/lib/fpc/2.4.2
PATH: /usr/local/oo2c/bin
PATH: /home/noch/fpc/bin
PATH: /home/noch/fpc-2.4.2/lib/fpc/2.4.2
PATH: /home/noch/bin
PATH: /usr/local/oo2c/bin
PATH: /home/noch/fpc/bin
PATH: /home/noch/fpc-2.4.2/lib/fpc/2.4.2
PATH: /usr/local/bin
PATH: /usr/bin
PATH: /bin
PATH: /opt/bin
PATH: /usr/x86_64-pc-linux-gnu/gcc-bin/4.4.5
PATH: /opt/dmd/bin
PATH: /usr/x86_64-pc-linux-gnu/gnat-gcc-bin/4.3
PATH: /usr/libexec/gnat-gcc/x86_64-pc-linux-gnu/4.3
PATH: /usr/games/bin
PATH: /usr/GNUstep/System/Tools
PATH: /usr/GNUstep/Local/Tools


## ----------- ##
## Core tests. ##
## ----------- ##

configure:1308: checking for oo2c
configure:1326: found /usr/local/oo2c/bin/oo2c
configure:1339: result: /usr/local/oo2c/bin/oo2c
configure:1393: checking for gcc
configure:1409: found /usr/bin/gcc
configure:1419: result: gcc
configure:1663: checking for C compiler version
configure:1666: gcc --version </dev/null >&5
gcc (Gentoo 4.4.5 p1.1, pie-0.4.5) 4.4.5
Copyright (C) 2010 Free Software Foundation, Inc.
This is free software; see the source for copying conditions.  There is NO
warranty; not even for MERCHANTABILITY or FITNESS FOR A PARTICULAR PURPOSE.

configure:1669: $? = 0
configure:1671: gcc -v </dev/null >&5
Using built-in specs.
Target: x86_64-pc-linux-gnu
Configured with: /var/tmp/portage/sys-devel/gcc-4.4.5/work/gcc-4.4.5/configure --prefix=/usr --bindir=/usr/x86_64-pc-linux-gnu/gcc-bin/4.4.5 --includedir=/usr/lib/gcc/x86_64-pc-linux-gnu/4.4.5/include --datadir=/usr/share/gcc-data/x86_64-pc-linux-gnu/4.4.5 --mandir=/usr/share/gcc-data/x86_64-pc-linux-gnu/4.4.5/man --infodir=/usr/share/gcc-data/x86_64-pc-linux-gnu/4.4.5/info --with-gxx-include-dir=/usr/lib/gcc/x86_64-pc-linux-gnu/4.4.5/include/g++-v4 --host=x86_64-pc-linux-gnu --build=x86_64-pc-linux-gnu --disable-altivec --disable-fixed-point --without-ppl --without-cloog --enable-nls --without-included-gettext --with-system-zlib --disable-werror --enable-secureplt --enable-multilib --enable-libmudflap --disable-libssp --enable-libgomp --enable-cld --with-python-dir=/share/gcc-data/x86_64-pc-linux-gnu/4.4.5/python --enable-checking=release --disable-libgcj --enable-languages=c,c++,objc --enable-shared --enable-threads=posix --enable-__cxa_atexit --enable-clocale=gnu --with-bugurl=http://bugs.gentoo.org/ --with-pkgversion='Gentoo 4.4.5 p1.1, pie-0.4.5'
Thread model: posix
gcc version 4.4.5 (Gentoo 4.4.5 p1.1, pie-0.4.5) 
configure:1674: $? = 0
configure:1676: gcc -V </dev/null >&5
gcc: '-V' option must have argument
configure:1679: $? = 1
configure:1702: checking for C compiler default output file name
configure:1705: gcc    conftest.c  >&5
configure:1708: $? = 0
configure:1754: result: a.out
configure:1759: checking whether the C compiler works
configure:1765: ./a.out
configure:1768: $? = 0
configure:1785: result: yes
configure:1792: checking whether we are cross compiling
configure:1794: result: no
configure:1797: checking for suffix of executables
configure:1799: gcc -o conftest    conftest.c  >&5
configure:1802: $? = 0
configure:1827: result: 
configure:1833: checking for suffix of object files
configure:1854: gcc -c   conftest.c >&5
configure:1857: $? = 0
configure:1879: result: o
configure:1883: checking whether we are using the GNU C compiler
configure:1907: gcc -c   conftest.c >&5
configure:1913: $? = 0
configure:1916: test -z 			 || test ! -s conftest.err
configure:1919: $? = 0
configure:1922: test -s conftest.o
configure:1925: $? = 0
configure:1938: result: yes
configure:1944: checking whether gcc accepts -g
configure:1965: gcc -c -g  conftest.c >&5
configure:1971: $? = 0
configure:1974: test -z 			 || test ! -s conftest.err
configure:1977: $? = 0
configure:1980: test -s conftest.o
configure:1983: $? = 0
configure:1994: result: yes
configure:2011: checking for gcc option to accept ANSI C
configure:2081: gcc  -c -g -O2  conftest.c >&5
configure:2087: $? = 0
configure:2090: test -z 			 || test ! -s conftest.err
configure:2093: $? = 0
configure:2096: test -s conftest.o
configure:2099: $? = 0
configure:2117: result: none needed
configure:2135: gcc -c -g -O2  conftest.c >&5
conftest.c:2: error: expected '=', ',', ';', 'asm' or '__attribute__' before 'me'
configure:2141: $? = 1
configure: failed program was:
| #ifndef __cplusplus
|   choke me
| #endif
configure:2273: checking for sin in -lm
configure:2303: gcc -o conftest -g -O2   conftest.c -lm   >&5
conftest.c:16: warning: conflicting types for built-in function 'sin'
configure:2309: $? = 0
configure:2312: test -z 			 || test ! -s conftest.err
configure:2315: $? = 0
configure:2318: test -s conftest
configure:2321: $? = 0
configure:2334: result: yes
configure:2352: checking for gzopen in -lz
configure:2382: gcc -o conftest -g -O2   conftest.c -lz  -lm  >&5
configure:2388: $? = 0
configure:2391: test -z 			 || test ! -s conftest.err
configure:2394: $? = 0
configure:2397: test -s conftest
configure:2400: $? = 0
configure:2413: result: yes
configure:2436: checking how to run the C preprocessor
configure:2471: gcc -E  conftest.c
configure:2477: $? = 0
configure:2509: gcc -E  conftest.c
conftest.c:11:28: error: ac_nonexistent.h: No such file or directory
configure:2515: $? = 1
configure: failed program was:
| /* confdefs.h.  */
| 
| #define PACKAGE_NAME "VisualOberon"
| #define PACKAGE_TARNAME "visualoberon"
| #define PACKAGE_VERSION "0.0"
| #define PACKAGE_STRING "VisualOberon 0.0"
| #define PACKAGE_BUGREPORT "tim@teulings.org"
| #define HAVE_LIBM 1
| #define HAVE_LIBZ 1
| /* end confdefs.h.  */
| #include <ac_nonexistent.h>
configure:2554: result: gcc -E
configure:2578: gcc -E  conftest.c
configure:2584: $? = 0
configure:2616: gcc -E  conftest.c
conftest.c:11:28: error: ac_nonexistent.h: No such file or directory
configure:2622: $? = 1
configure: failed program was:
| /* confdefs.h.  */
| 
| #define PACKAGE_NAME "VisualOberon"
| #define PACKAGE_TARNAME "visualoberon"
| #define PACKAGE_VERSION "0.0"
| #define PACKAGE_STRING "VisualOberon 0.0"
| #define PACKAGE_BUGREPORT "tim@teulings.org"
| #define HAVE_LIBM 1
| #define HAVE_LIBZ 1
| /* end confdefs.h.  */
| #include <ac_nonexistent.h>
configure:2666: checking for egrep
configure:2676: result: grep -E
configure:2681: checking for ANSI C header files
configure:2706: gcc -c -g -O2  conftest.c >&5
configure:2712: $? = 0
configure:2715: test -z 			 || test ! -s conftest.err
configure:2718: $? = 0
configure:2721: test -s conftest.o
configure:2724: $? = 0
configure:2813: gcc -o conftest -g -O2   conftest.c -lz -lm  >&5
conftest.c: In function 'main':
conftest.c:28: warning: incompatible implicit declaration of built-in function 'exit'
configure:2816: $? = 0
configure:2818: ./conftest
configure:2821: $? = 0
configure:2836: result: yes
configure:2860: checking for sys/types.h
configure:2876: gcc -c -g -O2  conftest.c >&5
configure:2882: $? = 0
configure:2885: test -z 			 || test ! -s conftest.err
configure:2888: $? = 0
configure:2891: test -s conftest.o
configure:2894: $? = 0
configure:2905: result: yes
configure:2860: checking for sys/stat.h
configure:2876: gcc -c -g -O2  conftest.c >&5
configure:2882: $? = 0
configure:2885: test -z 			 || test ! -s conftest.err
configure:2888: $? = 0
configure:2891: test -s conftest.o
configure:2894: $? = 0
configure:2905: result: yes
configure:2860: checking for stdlib.h
configure:2876: gcc -c -g -O2  conftest.c >&5
configure:2882: $? = 0
configure:2885: test -z 			 || test ! -s conftest.err
configure:2888: $? = 0
configure:2891: test -s conftest.o
configure:2894: $? = 0
configure:2905: result: yes
configure:2860: checking for string.h
configure:2876: gcc -c -g -O2  conftest.c >&5
configure:2882: $? = 0
configure:2885: test -z 			 || test ! -s conftest.err
configure:2888: $? = 0
configure:2891: test -s conftest.o
configure:2894: $? = 0
configure:2905: result: yes
configure:2860: checking for memory.h
configure:2876: gcc -c -g -O2  conftest.c >&5
configure:2882: $? = 0
configure:2885: test -z 			 || test ! -s conftest.err
configure:2888: $? = 0
configure:2891: test -s conftest.o
configure:2894: $? = 0
configure:2905: result: yes
configure:2860: checking for strings.h
configure:2876: gcc -c -g -O2  conftest.c >&5
configure:2882: $? = 0
configure:2885: test -z 			 || test ! -s conftest.err
configure:2888: $? = 0
configure:2891: test -s conftest.o
configure:2894: $? = 0
configure:2905: result: yes
configure:2860: checking for inttypes.h
configure:2876: gcc -c -g -O2  conftest.c >&5
configure:2882: $? = 0
configure:2885: test -z 			 || test ! -s conftest.err
configure:2888: $? = 0
configure:2891: test -s conftest.o
configure:2894: $? = 0
configure:2905: result: yes
configure:2860: checking for stdint.h
configure:2876: gcc -c -g -O2  conftest.c >&5
configure:2882: $? = 0
configure:2885: test -z 			 || test ! -s conftest.err
configure:2888: $? = 0
configure:2891: test -s conftest.o
configure:2894: $? = 0
configure:2905: result: yes
configure:2860: checking for unistd.h
configure:2876: gcc -c -g -O2  conftest.c >&5
configure:2882: $? = 0
configure:2885: test -z 			 || test ! -s conftest.err
configure:2888: $? = 0
configure:2891: test -s conftest.o
configure:2894: $? = 0
configure:2905: result: yes
configure:2919: checking for png_get_valid in -lpng
configure:2949: gcc -o conftest -g -O2   conftest.c -lpng -lm -lz -lz -lm  >&5
configure:2955: $? = 0
configure:2958: test -z 			 || test ! -s conftest.err
configure:2961: $? = 0
configure:2964: test -s conftest
configure:2967: $? = 0
configure:2980: result: yes
configure:3006: checking png.h usability
configure:3018: gcc -c -g -O2  conftest.c >&5
configure:3024: $? = 0
configure:3027: test -z 			 || test ! -s conftest.err
configure:3030: $? = 0
configure:3033: test -s conftest.o
configure:3036: $? = 0
configure:3046: result: yes
configure:3050: checking png.h presence
configure:3060: gcc -E  conftest.c
configure:3066: $? = 0
configure:3086: result: yes
configure:3121: checking for png.h
configure:3128: result: yes
configure:3145: checking for jpeg_read_scanlines in -ljpeg
configure:3175: gcc -o conftest -g -O2   conftest.c -ljpeg  -lpng -lz -lm  >&5
configure:3181: $? = 0
configure:3184: test -z 			 || test ! -s conftest.err
configure:3187: $? = 0
configure:3190: test -s conftest
configure:3193: $? = 0
configure:3206: result: yes
configure:3232: checking jpeglib.h usability
configure:3244: gcc -c -g -O2  conftest.c >&5
configure:3250: $? = 0
configure:3253: test -z 			 || test ! -s conftest.err
configure:3256: $? = 0
configure:3259: test -s conftest.o
configure:3262: $? = 0
configure:3272: result: yes
configure:3276: checking jpeglib.h presence
configure:3286: gcc -E  conftest.c
configure:3292: $? = 0
configure:3312: result: yes
configure:3347: checking for jpeglib.h
configure:3354: result: yes
configure:3371: checking for TIFFOpen in -ltiff
configure:3401: gcc -o conftest -g -O2   conftest.c -ltiff -lz -lm -ljpeg -ljpeg -lpng -lz -lm  >&5
configure:3407: $? = 0
configure:3410: test -z 			 || test ! -s conftest.err
configure:3413: $? = 0
configure:3416: test -s conftest
configure:3419: $? = 0
configure:3432: result: yes
configure:3458: checking tiffio.h usability
configure:3470: gcc -c -g -O2  conftest.c >&5
configure:3476: $? = 0
configure:3479: test -z 			 || test ! -s conftest.err
configure:3482: $? = 0
configure:3485: test -s conftest.o
configure:3488: $? = 0
configure:3498: result: yes
configure:3502: checking tiffio.h presence
configure:3512: gcc -E  conftest.c
configure:3518: $? = 0
configure:3538: result: yes
configure:3573: checking for tiffio.h
configure:3580: result: yes
configure:3597: checking for DGifOpenFileName in -lgif
configure:3627: gcc -o conftest -g -O2   conftest.c -lgif  -ltiff -ljpeg -lpng -lz -lm  >&5
configure:3633: $? = 0
configure:3636: test -z 			 || test ! -s conftest.err
configure:3639: $? = 0
configure:3642: test -s conftest
configure:3645: $? = 0
configure:3658: result: yes
configure:3684: checking gif_lib.h usability
configure:3696: gcc -c -g -O2  conftest.c >&5
configure:3702: $? = 0
configure:3705: test -z 			 || test ! -s conftest.err
configure:3708: $? = 0
configure:3711: test -s conftest.o
configure:3714: $? = 0
configure:3724: result: yes
configure:3728: checking gif_lib.h presence
configure:3738: gcc -E  conftest.c
configure:3744: $? = 0
configure:3764: result: yes
configure:3799: checking for gif_lib.h
configure:3806: result: yes
configure:3822: checking for package 'libX11'
configure:3825: /usr/local/oo2c/bin/oo2c --package-installed libX11
configure:3828: $? = 1
configure:3835: result: no
configure:3841: checking for package 'libCurses'
configure:3844: /usr/local/oo2c/bin/oo2c --package-installed libCurses
configure:3847: $? = 1
configure:3854: result: no
configure:3860: checking for package 'libCarbon'
configure:3863: /usr/local/oo2c/bin/oo2c --package-installed libCarbon
configure:3866: $? = 1
configure:3873: result: no
configure:3879: checking for package 'libWindows'
configure:3882: /usr/local/oo2c/bin/oo2c --package-installed libWindows
configure:3885: $? = 1
configure:3892: result: no
configure:4027: creating ./config.status

## ---------------------- ##
## Running config.status. ##
## ---------------------- ##

This file was extended by VisualOberon config.status 0.0, which was
generated by GNU Autoconf 2.59.  Invocation command line was

  CONFIG_FILES    = 
  CONFIG_HEADERS  = 
  CONFIG_LINKS    = 
  CONFIG_COMMANDS = 
  $ ./config.status 

on hactar

config.status:685: creating Makefile
config.status:685: creating pkginfo.xml

## ---------------- ##
## Cache variables. ##
## ---------------- ##

ac_cv_c_compiler_gnu=yes
ac_cv_env_CC_set=
ac_cv_env_CC_value=
ac_cv_env_CFLAGS_set=
ac_cv_env_CFLAGS_value=
ac_cv_env_CPPFLAGS_set=
ac_cv_env_CPPFLAGS_value=
ac_cv_env_CPP_set=
ac_cv_env_CPP_value=
ac_cv_env_LDFLAGS_set=
ac_cv_env_LDFLAGS_value=
ac_cv_env_build_alias_set=
ac_cv_env_build_alias_value=
ac_cv_env_host_alias_set=
ac_cv_env_host_alias_value=
ac_cv_env_target_alias_set=
ac_cv_env_target_alias_value=
ac_cv_exeext=
ac_cv_header_gif_lib_h=yes
ac_cv_header_inttypes_h=yes
ac_cv_header_jpeglib_h=yes
ac_cv_header_memory_h=yes
ac_cv_header_png_h=yes
ac_cv_header_stdc=yes
ac_cv_header_stdint_h=yes
ac_cv_header_stdlib_h=yes
ac_cv_header_string_h=yes
ac_cv_header_strings_h=yes
ac_cv_header_sys_stat_h=yes
ac_cv_header_sys_types_h=yes
ac_cv_header_tiffio_h=yes
ac_cv_header_unistd_h=yes
ac_cv_lib_gif_DGifOpenFileName=yes
ac_cv_lib_jpeg_jpeg_read_scanlines=yes
ac_cv_lib_m_sin=yes
ac_cv_lib_png_png_get_valid=yes
ac_cv_lib_tiff_TIFFOpen=yes
ac_cv_lib_z_gzopen=yes
ac_cv_objext=o
ac_cv_path_OOC=/usr/local/oo2c/bin/oo2c
ac_cv_prog_CPP='gcc -E'
ac_cv_prog_ac_ct_CC=gcc
ac_cv_prog_cc_g=yes
ac_cv_prog_cc_stdc=
ac_cv_prog_egrep='grep -E'

## ----------------- ##
## Output variables. ##
## ----------------- ##

CC='gcc'
CFLAGS='-g -O2'
CPP='gcc -E'
CPPFLAGS=''
DEFS='-DPACKAGE_NAME=\"VisualOberon\" -DPACKAGE_TARNAME=\"visualoberon\" -DPACKAGE_VERSION=\"0.0\" -DPACKAGE_STRING=\"VisualOberon\ 0.0\" -DPACKAGE_BUGREPORT=\"tim@teulings.org\" -DHAVE_LIBM=1 -DHAVE_LIBZ=1 -DSTDC_HEADERS=1 -DHAVE_SYS_TYPES_H=1 -DHAVE_SYS_STAT_H=1 -DHAVE_STDLIB_H=1 -DHAVE_STRING_H=1 -DHAVE_MEMORY_H=1 -DHAVE_STRINGS_H=1 -DHAVE_INTTYPES_H=1 -DHAVE_STDINT_H=1 -DHAVE_UNISTD_H=1 -DHAVE_LIBPNG=1 -DHAVE_PNG_H=1 -DHAVE_LIBJPEG=1 -DHAVE_JPEGLIB_H=1 -DHAVE_LIBTIFF=1 -DHAVE_TIFFIO_H=1 -DHAVE_LIBGIF=1 -DHAVE_GIF_LIB_H=1 '
ECHO_C=''
ECHO_N='-n'
ECHO_T=''
EGREP='grep -E'
EXEEXT=''
LDFLAGS=''
LIBOBJS=''
LIBS='-lgif -ltiff -ljpeg -lpng -lz -lm '
LTLIBOBJS=''
OBJEXT='o'
OFLAGS=''
OOC='/usr/local/oo2c/bin/oo2c'
PACKAGE_BUGREPORT='tim@teulings.org'
PACKAGE_NAME='VisualOberon'
PACKAGE_STRING='VisualOberon 0.0'
PACKAGE_TARNAME='visualoberon'
PACKAGE_VERSION='0.0'
PATH_SEPARATOR=':'
SHELL='/bin/sh'
ac_ct_CC='gcc'
bindir='${exec_prefix}/bin'
build_alias=''
datadir='${prefix}/share'
exec_prefix='${prefix}'
host_alias=''
includedir='${prefix}/include'
infodir='${prefix}/info'
libdir='${exec_prefix}/lib'
libexecdir='${exec_prefix}/libexec'
localstatedir='${prefix}/var'
mandir='${prefix}/man'
oldincludedir='/usr/include'
ooc_have_lib_gif='TRUE'
ooc_have_lib_jpeg='TRUE'
ooc_have_lib_m='TRUE'
ooc_have_lib_png='TRUE'
ooc_have_lib_tiff='TRUE'
ooc_have_lib_z='TRUE'
ooc_have_package_carbon='FALSE'
ooc_have_package_curses='FALSE'
ooc_have_package_windows='FALSE'
ooc_have_package_x11='FALSE'
prefix='/opt/VO'
program_transform_name='s,x,x,'
sbindir='${exec_prefix}/sbin'
sharedstatedir='${prefix}/com'
sysconfdir='${prefix}/etc'
target_alias=''

## ----------- ##
## confdefs.h. ##
## ----------- ##

#define HAVE_GIF_LIB_H 1
#define HAVE_INTTYPES_H 1
#define HAVE_JPEGLIB_H 1
#define HAVE_LIBGIF 1
#define HAVE_LIBJPEG 1
#define HAVE_LIBM 1
#define HAVE_LIBPNG 1
#define HAVE_LIBTIFF 1
#define HAVE_LIBZ 1
#define HAVE_MEMORY_H 1
#define HAVE_PNG_H 1
#define HAVE_STDINT_H 1
#define HAVE_STDLIB_H 1
#define HAVE_STRINGS_H 1
#define HAVE_STRING_H 1
#define HAVE_SYS_STAT_H 1
#define HAVE_SYS_TYPES_H 1
#define HAVE_TIFFIO_H 1
#define HAVE_UNISTD_H 1
#define PACKAGE_BUGREPORT "tim@teulings.org"
#define PACKAGE_NAME "VisualOberon"
#define PACKAGE_STRING "VisualOberon 0.0"
#define PACKAGE_TARNAME "visualoberon"
#define PACKAGE_VERSION "0.0"
#define STDC_HEADERS 1

configure: exit 0
